c:\users\administrator\source\repos\mydriver5\mydriver5\x64\debug\vc142.pdb
c:\users\administrator\source\repos\mydriver5\mydriver5\x64\debug\1.obj
c:\users\administrator\source\repos\mydriver5\x64\debug\mydriver5\mydriver5.cat
c:\users\administrator\source\repos\mydriver5\x64\debug\mydriver5.sys
c:\users\administrator\source\repos\mydriver5\x64\debug\mydriver5.pdb
c:\users\administrator\source\repos\mydriver5\mydriver5\x64\debug\mydriver5.inf
c:\users\administrator\source\repos\mydriver5\x64\debug\mydriver5.cer
c:\users\administrator\source\repos\mydriver5\x64\debug\mydriver5.inf
c:\users\administrator\source\repos\mydriver5\mydriver5\x64\debug\mydriver5.tlog\cl.command.1.tlog
c:\users\administrator\source\repos\mydriver5\mydriver5\x64\debug\mydriver5.tlog\cl.read.1.tlog
c:\users\administrator\source\repos\mydriver5\mydriver5\x64\debug\mydriver5.tlog\cl.write.1.tlog
c:\users\administrator\source\repos\mydriver5\mydriver5\x64\debug\mydriver5.tlog\inf2cat-expand.12264.read.1.tlog
c:\users\administrator\source\repos\mydriver5\mydriver5\x64\debug\mydriver5.tlog\inf2cat-expand.12264.write.1.tlog
c:\users\administrator\source\repos\mydriver5\mydriver5\x64\debug\mydriver5.tlog\inf2cat-expand.read.1.tlog
c:\users\administrator\source\repos\mydriver5\mydriver5\x64\debug\mydriver5.tlog\inf2cat-expand.write.1.tlog
c:\users\administrator\source\repos\mydriver5\mydriver5\x64\debug\mydriver5.tlog\inf2cat.command.1.tlog
c:\users\administrator\source\repos\mydriver5\mydriver5\x64\debug\mydriver5.tlog\inf2cat.read.1.tlog
c:\users\administrator\source\repos\mydriver5\mydriver5\x64\debug\mydriver5.tlog\inf2cat.write.1.tlog
c:\users\administrator\source\repos\mydriver5\mydriver5\x64\debug\mydriver5.tlog\link.command.1.tlog
c:\users\administrator\source\repos\mydriver5\mydriver5\x64\debug\mydriver5.tlog\link.read.1.tlog
c:\users\administrator\source\repos\mydriver5\mydriver5\x64\debug\mydriver5.tlog\link.write.1.tlog
c:\users\administrator\source\repos\mydriver5\mydriver5\x64\debug\mydriver5.tlog\signtool.command.1.tlog
c:\users\administrator\source\repos\mydriver5\mydriver5\x64\debug\mydriver5.tlog\signtool.read.1.tlog
c:\users\administrator\source\repos\mydriver5\mydriver5\x64\debug\mydriver5.tlog\signtool.timestamp.1.tlog
c:\users\administrator\source\repos\mydriver5\mydriver5\x64\debug\mydriver5.tlog\signtool.write.1.tlog
c:\users\administrator\source\repos\mydriver5\mydriver5\x64\debug\mydriver5.tlog\stampinf.command.1.tlog
c:\users\administrator\source\repos\mydriver5\mydriver5\x64\debug\mydriver5.tlog\stampinf.read.1.tlog
c:\users\administrator\source\repos\mydriver5\mydriver5\x64\debug\mydriver5.tlog\stampinf.write.1.tlog
